{"E:\\full-vue\\inProgress\\operations.ts": {"path":"E:\\full-vue\\inProgress\\operations.ts","all":true,"statementMap":{"0":{"start":{"line":1,"column":0},"end":{"line":1,"column":32}},"1":{"start":{"line":2,"column":0},"end":{"line":2,"column":14}},"2":{"start":{"line":3,"column":0},"end":{"line":3,"column":14}},"3":{"start":{"line":4,"column":0},"end":{"line":4,"column":22}},"4":{"start":{"line":5,"column":0},"end":{"line":5,"column":1}},"5":{"start":{"line":6,"column":0},"end":{"line":6,"column":0}},"6":{"start":{"line":7,"column":0},"end":{"line":7,"column":34}},"7":{"start":{"line":8,"column":0},"end":{"line":8,"column":14}},"8":{"start":{"line":9,"column":0},"end":{"line":9,"column":14}},"9":{"start":{"line":10,"column":0},"end":{"line":10,"column":20}},"10":{"start":{"line":11,"column":0},"end":{"line":11,"column":18}},"11":{"start":{"line":12,"column":0},"end":{"line":12,"column":1}}},"s":{"0":0,"1":0,"2":0,"3":0,"4":0,"5":0,"6":0,"7":0,"8":0,"9":0,"10":0,"11":0},"branchMap":{"0":{"type":"branch","line":1,"loc":{"start":{"line":1,"column":0},"end":{"line":12,"column":1}},"locations":[{"start":{"line":1,"column":0},"end":{"line":12,"column":1}}]}},"b":{"0":[0]},"fnMap":{"0":{"name":"(empty-report)","decl":{"start":{"line":1,"column":0},"end":{"line":12,"column":1}},"loc":{"start":{"line":1,"column":0},"end":{"line":12,"column":1}},"line":1}},"f":{"0":0}}
,"E:\\full-vue\\src\\baseHandlers.ts": {"path":"E:\\full-vue\\src\\baseHandlers.ts","all":false,"statementMap":{"0":{"start":{"line":1,"column":0},"end":{"line":1,"column":42}},"1":{"start":{"line":2,"column":0},"end":{"line":2,"column":63}},"2":{"start":{"line":3,"column":0},"end":{"line":3,"column":44}},"3":{"start":{"line":4,"column":0},"end":{"line":4,"column":0}},"4":{"start":{"line":5,"column":0},"end":{"line":5,"column":20}},"5":{"start":{"line":6,"column":0},"end":{"line":6,"column":27}},"6":{"start":{"line":7,"column":0},"end":{"line":7,"column":39}},"7":{"start":{"line":8,"column":0},"end":{"line":8,"column":52}},"8":{"start":{"line":9,"column":0},"end":{"line":9,"column":27}},"9":{"start":{"line":10,"column":0},"end":{"line":10,"column":38}},"10":{"start":{"line":11,"column":0},"end":{"line":11,"column":0}},"11":{"start":{"line":12,"column":0},"end":{"line":12,"column":37}},"12":{"start":{"line":13,"column":0},"end":{"line":13,"column":17}},"13":{"start":{"line":14,"column":0},"end":{"line":14,"column":60}},"14":{"start":{"line":15,"column":0},"end":{"line":15,"column":36}},"15":{"start":{"line":16,"column":0},"end":{"line":16,"column":25}},"16":{"start":{"line":17,"column":0},"end":{"line":17,"column":45}},"17":{"start":{"line":18,"column":0},"end":{"line":18,"column":22}},"18":{"start":{"line":19,"column":0},"end":{"line":19,"column":62}},"19":{"start":{"line":20,"column":0},"end":{"line":20,"column":61}},"20":{"start":{"line":21,"column":0},"end":{"line":21,"column":0}},"21":{"start":{"line":22,"column":0},"end":{"line":22,"column":41}},"22":{"start":{"line":23,"column":0},"end":{"line":23,"column":45}},"23":{"start":{"line":24,"column":0},"end":{"line":24,"column":40}},"24":{"start":{"line":25,"column":0},"end":{"line":25,"column":17}},"25":{"start":{"line":26,"column":0},"end":{"line":26,"column":28}},"26":{"start":{"line":27,"column":0},"end":{"line":27,"column":73}},"27":{"start":{"line":28,"column":0},"end":{"line":28,"column":15}},"28":{"start":{"line":29,"column":0},"end":{"line":29,"column":4}},"29":{"start":{"line":30,"column":0},"end":{"line":30,"column":1}},"30":{"start":{"line":31,"column":0},"end":{"line":31,"column":0}},"31":{"start":{"line":32,"column":0},"end":{"line":32,"column":43}},"32":{"start":{"line":33,"column":0},"end":{"line":33,"column":43}},"33":{"start":{"line":34,"column":0},"end":{"line":34,"column":32}},"34":{"start":{"line":35,"column":0},"end":{"line":35,"column":48}},"35":{"start":{"line":36,"column":0},"end":{"line":36,"column":25}},"36":{"start":{"line":37,"column":0},"end":{"line":37,"column":15}},"37":{"start":{"line":38,"column":0},"end":{"line":38,"column":4}},"38":{"start":{"line":39,"column":0},"end":{"line":39,"column":1}},"39":{"start":{"line":40,"column":0},"end":{"line":40,"column":0}},"40":{"start":{"line":41,"column":0},"end":{"line":41,"column":8}},"41":{"start":{"line":42,"column":0},"end":{"line":42,"column":32}},"42":{"start":{"line":43,"column":0},"end":{"line":43,"column":6}},"43":{"start":{"line":44,"column":0},"end":{"line":44,"column":6}},"44":{"start":{"line":45,"column":0},"end":{"line":45,"column":2}},"45":{"start":{"line":46,"column":0},"end":{"line":46,"column":0}},"46":{"start":{"line":47,"column":0},"end":{"line":47,"column":33}},"47":{"start":{"line":48,"column":0},"end":{"line":48,"column":19}},"48":{"start":{"line":49,"column":0},"end":{"line":49,"column":20}},"49":{"start":{"line":50,"column":0},"end":{"line":50,"column":20}},"50":{"start":{"line":51,"column":0},"end":{"line":51,"column":41}},"51":{"start":{"line":52,"column":0},"end":{"line":52,"column":16}},"52":{"start":{"line":53,"column":0},"end":{"line":53,"column":4}},"53":{"start":{"line":54,"column":0},"end":{"line":54,"column":2}},"54":{"start":{"line":55,"column":0},"end":{"line":55,"column":0}},"55":{"start":{"line":56,"column":0},"end":{"line":56,"column":69}},"56":{"start":{"line":57,"column":0},"end":{"line":57,"column":26}},"57":{"start":{"line":58,"column":0},"end":{"line":58,"column":3}}},"s":{"0":1,"1":1,"2":1,"3":1,"4":1,"5":1,"6":1,"7":1,"8":1,"9":1,"10":1,"11":1,"12":1,"13":18,"14":18,"15":41,"16":41,"17":41,"18":41,"19":41,"20":33,"21":33,"22":33,"23":41,"24":33,"25":41,"26":39,"27":30,"28":41,"29":18,"30":1,"31":12,"32":12,"33":6,"34":6,"35":6,"36":6,"37":6,"38":12,"39":1,"40":1,"41":1,"42":1,"43":1,"44":1,"45":1,"46":1,"47":1,"48":1,"49":2,"50":2,"51":2,"52":2,"53":1,"54":1,"55":1,"56":1,"57":1},"branchMap":{"0":{"type":"branch","line":14,"loc":{"start":{"line":14,"column":0},"end":{"line":30,"column":1}},"locations":[{"start":{"line":14,"column":0},"end":{"line":30,"column":1}}]},"1":{"type":"branch","line":15,"loc":{"start":{"line":15,"column":9},"end":{"line":29,"column":4}},"locations":[{"start":{"line":15,"column":9},"end":{"line":29,"column":4}}]},"2":{"type":"branch","line":19,"loc":{"start":{"line":19,"column":43},"end":{"line":19,"column":62}},"locations":[{"start":{"line":19,"column":43},"end":{"line":19,"column":62}}]},"3":{"type":"branch","line":19,"loc":{"start":{"line":19,"column":51},"end":{"line":20,"column":50}},"locations":[{"start":{"line":19,"column":51},"end":{"line":20,"column":50}}]},"4":{"type":"branch","line":20,"loc":{"start":{"line":20,"column":43},"end":{"line":24,"column":27}},"locations":[{"start":{"line":20,"column":43},"end":{"line":24,"column":27}}]},"5":{"type":"branch","line":20,"loc":{"start":{"line":20,"column":43},"end":{"line":20,"column":61}},"locations":[{"start":{"line":20,"column":43},"end":{"line":20,"column":61}}]},"6":{"type":"branch","line":20,"loc":{"start":{"line":20,"column":50},"end":{"line":24,"column":27}},"locations":[{"start":{"line":20,"column":50},"end":{"line":24,"column":27}}]},"7":{"type":"branch","line":24,"loc":{"start":{"line":24,"column":21},"end":{"line":26,"column":24}},"locations":[{"start":{"line":24,"column":21},"end":{"line":26,"column":24}}]},"8":{"type":"branch","line":24,"loc":{"start":{"line":24,"column":21},"end":{"line":24,"column":40}},"locations":[{"start":{"line":24,"column":21},"end":{"line":24,"column":40}}]},"9":{"type":"branch","line":24,"loc":{"start":{"line":24,"column":38},"end":{"line":26,"column":24}},"locations":[{"start":{"line":24,"column":38},"end":{"line":26,"column":24}}]},"10":{"type":"branch","line":26,"loc":{"start":{"line":26,"column":17},"end":{"line":26,"column":28}},"locations":[{"start":{"line":26,"column":17},"end":{"line":26,"column":28}}]},"11":{"type":"branch","line":26,"loc":{"start":{"line":26,"column":24},"end":{"line":28,"column":15}},"locations":[{"start":{"line":26,"column":24},"end":{"line":28,"column":15}}]},"12":{"type":"branch","line":26,"loc":{"start":{"line":26,"column":24},"end":{"line":27,"column":30}},"locations":[{"start":{"line":26,"column":24},"end":{"line":27,"column":30}}]},"13":{"type":"branch","line":27,"loc":{"start":{"line":27,"column":23},"end":{"line":27,"column":73}},"locations":[{"start":{"line":27,"column":23},"end":{"line":27,"column":73}}]},"14":{"type":"branch","line":27,"loc":{"start":{"line":27,"column":55},"end":{"line":27,"column":73}},"locations":[{"start":{"line":27,"column":55},"end":{"line":27,"column":73}}]},"15":{"type":"branch","line":27,"loc":{"start":{"line":27,"column":71},"end":{"line":28,"column":15}},"locations":[{"start":{"line":27,"column":71},"end":{"line":28,"column":15}}]},"16":{"type":"branch","line":32,"loc":{"start":{"line":32,"column":0},"end":{"line":39,"column":1}},"locations":[{"start":{"line":32,"column":0},"end":{"line":39,"column":1}}]},"17":{"type":"branch","line":33,"loc":{"start":{"line":33,"column":9},"end":{"line":38,"column":4}},"locations":[{"start":{"line":33,"column":9},"end":{"line":38,"column":4}}]},"18":{"type":"branch","line":34,"loc":{"start":{"line":34,"column":20},"end":{"line":34,"column":32}},"locations":[{"start":{"line":34,"column":20},"end":{"line":34,"column":32}}]},"19":{"type":"branch","line":49,"loc":{"start":{"line":49,"column":2},"end":{"line":53,"column":4}},"locations":[{"start":{"line":49,"column":2},"end":{"line":53,"column":4}}]}},"b":{"0":[18],"1":[41],"2":[5],"3":[36],"4":[40],"5":[3],"6":[33],"7":[39],"8":[21],"9":[33],"10":[1],"11":[39],"12":[32],"13":[2],"14":[0],"15":[30],"16":[12],"17":[6],"18":[0],"19":[2]},"fnMap":{"0":{"name":"createGetter","decl":{"start":{"line":14,"column":0},"end":{"line":30,"column":1}},"loc":{"start":{"line":14,"column":0},"end":{"line":30,"column":1}},"line":14},"1":{"name":"get2","decl":{"start":{"line":15,"column":9},"end":{"line":29,"column":4}},"loc":{"start":{"line":15,"column":9},"end":{"line":29,"column":4}},"line":15},"2":{"name":"createSetter","decl":{"start":{"line":32,"column":0},"end":{"line":39,"column":1}},"loc":{"start":{"line":32,"column":0},"end":{"line":39,"column":1}},"line":32},"3":{"name":"set2","decl":{"start":{"line":33,"column":9},"end":{"line":38,"column":4}},"loc":{"start":{"line":33,"column":9},"end":{"line":38,"column":4}},"line":33},"4":{"name":"set","decl":{"start":{"line":49,"column":2},"end":{"line":53,"column":4}},"loc":{"start":{"line":49,"column":2},"end":{"line":53,"column":4}},"line":49}},"f":{"0":18,"1":41,"2":12,"3":6,"4":2}}
,"E:\\full-vue\\src\\computed.ts": {"path":"E:\\full-vue\\src\\computed.ts","all":false,"statementMap":{"0":{"start":{"line":1,"column":0},"end":{"line":1,"column":55}},"1":{"start":{"line":2,"column":0},"end":{"line":2,"column":42}},"2":{"start":{"line":3,"column":0},"end":{"line":3,"column":0}},"3":{"start":{"line":4,"column":0},"end":{"line":4,"column":34}},"4":{"start":{"line":5,"column":0},"end":{"line":5,"column":37}},"5":{"start":{"line":6,"column":0},"end":{"line":6,"column":1}},"6":{"start":{"line":7,"column":0},"end":{"line":7,"column":0}},"7":{"start":{"line":8,"column":0},"end":{"line":8,"column":23}},"8":{"start":{"line":9,"column":0},"end":{"line":9,"column":23}},"9":{"start":{"line":10,"column":0},"end":{"line":10,"column":48}},"10":{"start":{"line":11,"column":0},"end":{"line":11,"column":33}},"11":{"start":{"line":12,"column":0},"end":{"line":12,"column":44}},"12":{"start":{"line":13,"column":0},"end":{"line":13,"column":0}},"13":{"start":{"line":14,"column":0},"end":{"line":14,"column":23}},"14":{"start":{"line":15,"column":0},"end":{"line":15,"column":26}},"15":{"start":{"line":16,"column":0},"end":{"line":16,"column":36}},"16":{"start":{"line":17,"column":0},"end":{"line":17,"column":53}},"17":{"start":{"line":18,"column":0},"end":{"line":18,"column":30}},"18":{"start":{"line":19,"column":0},"end":{"line":19,"column":37}},"19":{"start":{"line":20,"column":0},"end":{"line":20,"column":31}},"20":{"start":{"line":21,"column":0},"end":{"line":21,"column":7}},"21":{"start":{"line":22,"column":0},"end":{"line":22,"column":3}},"22":{"start":{"line":23,"column":0},"end":{"line":23,"column":0}},"23":{"start":{"line":24,"column":0},"end":{"line":24,"column":15}},"24":{"start":{"line":25,"column":0},"end":{"line":25,"column":11}},"25":{"start":{"line":26,"column":0},"end":{"line":26,"column":27}},"26":{"start":{"line":27,"column":0},"end":{"line":27,"column":18}},"27":{"start":{"line":28,"column":0},"end":{"line":28,"column":22}},"28":{"start":{"line":29,"column":0},"end":{"line":29,"column":36}},"29":{"start":{"line":30,"column":0},"end":{"line":30,"column":63}},"30":{"start":{"line":31,"column":0},"end":{"line":31,"column":39}},"31":{"start":{"line":32,"column":0},"end":{"line":32,"column":5}},"32":{"start":{"line":33,"column":0},"end":{"line":33,"column":23}},"33":{"start":{"line":34,"column":0},"end":{"line":34,"column":3}},"34":{"start":{"line":35,"column":0},"end":{"line":35,"column":1}}},"s":{"0":1,"1":1,"2":1,"3":1,"4":2,"5":2,"6":1,"7":1,"8":1,"9":1,"10":1,"11":1,"12":1,"13":1,"14":2,"15":2,"16":2,"17":1,"18":1,"19":1,"20":2,"21":2,"22":1,"23":1,"24":5,"25":5,"26":5,"27":5,"28":3,"29":3,"30":3,"31":3,"32":5,"33":5,"34":1},"branchMap":{"0":{"type":"branch","line":4,"loc":{"start":{"line":4,"column":7},"end":{"line":6,"column":1}},"locations":[{"start":{"line":4,"column":7},"end":{"line":6,"column":1}}]},"1":{"type":"branch","line":14,"loc":{"start":{"line":14,"column":2},"end":{"line":22,"column":3}},"locations":[{"start":{"line":14,"column":2},"end":{"line":22,"column":3}}]},"2":{"type":"branch","line":17,"loc":{"start":{"line":17,"column":46},"end":{"line":21,"column":5}},"locations":[{"start":{"line":17,"column":46},"end":{"line":21,"column":5}}]},"3":{"type":"branch","line":18,"loc":{"start":{"line":18,"column":23},"end":{"line":18,"column":30}},"locations":[{"start":{"line":18,"column":23},"end":{"line":18,"column":30}}]},"4":{"type":"branch","line":24,"loc":{"start":{"line":24,"column":2},"end":{"line":34,"column":3}},"locations":[{"start":{"line":24,"column":2},"end":{"line":34,"column":3}}]},"5":{"type":"branch","line":28,"loc":{"start":{"line":28,"column":21},"end":{"line":32,"column":5}},"locations":[{"start":{"line":28,"column":21},"end":{"line":32,"column":5}}]}},"b":{"0":[2],"1":[2],"2":[1],"3":[0],"4":[5],"5":[3]},"fnMap":{"0":{"name":"computed","decl":{"start":{"line":4,"column":7},"end":{"line":6,"column":1}},"loc":{"start":{"line":4,"column":7},"end":{"line":6,"column":1}},"line":4},"1":{"name":"ComputedRefImpl","decl":{"start":{"line":14,"column":2},"end":{"line":22,"column":3}},"loc":{"start":{"line":14,"column":2},"end":{"line":22,"column":3}},"line":14},"2":{"name":"get value","decl":{"start":{"line":24,"column":2},"end":{"line":34,"column":3}},"loc":{"start":{"line":24,"column":2},"end":{"line":34,"column":3}},"line":24}},"f":{"0":2,"1":2,"2":5}}
,"E:\\full-vue\\src\\effect.ts": {"path":"E:\\full-vue\\src\\effect.ts","all":false,"statementMap":{"0":{"start":{"line":1,"column":0},"end":{"line":1,"column":19}},"1":{"start":{"line":2,"column":0},"end":{"line":2,"column":34}},"2":{"start":{"line":3,"column":0},"end":{"line":3,"column":48}},"3":{"start":{"line":4,"column":0},"end":{"line":4,"column":45}},"4":{"start":{"line":5,"column":0},"end":{"line":5,"column":40}},"5":{"start":{"line":6,"column":0},"end":{"line":6,"column":16}},"6":{"start":{"line":7,"column":0},"end":{"line":7,"column":32}},"7":{"start":{"line":8,"column":0},"end":{"line":8,"column":0}},"8":{"start":{"line":9,"column":0},"end":{"line":9,"column":47}},"9":{"start":{"line":10,"column":0},"end":{"line":10,"column":0}},"10":{"start":{"line":11,"column":0},"end":{"line":11,"column":32}},"11":{"start":{"line":12,"column":0},"end":{"line":12,"column":5}},"12":{"start":{"line":13,"column":0},"end":{"line":13,"column":25}},"13":{"start":{"line":14,"column":0},"end":{"line":14,"column":1}},"14":{"start":{"line":15,"column":0},"end":{"line":15,"column":0}},"15":{"start":{"line":16,"column":0},"end":{"line":16,"column":18}},"16":{"start":{"line":17,"column":0},"end":{"line":17,"column":29}},"17":{"start":{"line":18,"column":0},"end":{"line":18,"column":19}},"18":{"start":{"line":19,"column":0},"end":{"line":19,"column":23}},"19":{"start":{"line":20,"column":0},"end":{"line":20,"column":12}},"20":{"start":{"line":21,"column":0},"end":{"line":21,"column":48}},"21":{"start":{"line":22,"column":0},"end":{"line":22,"column":16}},"22":{"start":{"line":23,"column":0},"end":{"line":23,"column":20}},"23":{"start":{"line":24,"column":0},"end":{"line":24,"column":22}},"24":{"start":{"line":25,"column":0},"end":{"line":25,"column":40}},"25":{"start":{"line":26,"column":0},"end":{"line":26,"column":45}},"26":{"start":{"line":27,"column":0},"end":{"line":27,"column":18}},"27":{"start":{"line":28,"column":0},"end":{"line":28,"column":31}},"28":{"start":{"line":29,"column":0},"end":{"line":29,"column":3}},"29":{"start":{"line":30,"column":0},"end":{"line":30,"column":9}},"30":{"start":{"line":31,"column":0},"end":{"line":31,"column":21}},"31":{"start":{"line":32,"column":0},"end":{"line":32,"column":40}},"32":{"start":{"line":33,"column":0},"end":{"line":33,"column":23}},"33":{"start":{"line":34,"column":0},"end":{"line":34,"column":24}},"34":{"start":{"line":35,"column":0},"end":{"line":35,"column":30}},"35":{"start":{"line":36,"column":0},"end":{"line":36,"column":24}},"36":{"start":{"line":37,"column":0},"end":{"line":37,"column":18}},"37":{"start":{"line":38,"column":0},"end":{"line":38,"column":3}},"38":{"start":{"line":39,"column":0},"end":{"line":39,"column":10}},"39":{"start":{"line":40,"column":0},"end":{"line":40,"column":23}},"40":{"start":{"line":41,"column":0},"end":{"line":41,"column":14}},"41":{"start":{"line":42,"column":0},"end":{"line":42,"column":40}},"42":{"start":{"line":43,"column":0},"end":{"line":43,"column":26}},"43":{"start":{"line":44,"column":0},"end":{"line":44,"column":10}},"44":{"start":{"line":45,"column":0},"end":{"line":45,"column":28}},"45":{"start":{"line":46,"column":0},"end":{"line":46,"column":22}},"46":{"start":{"line":47,"column":0},"end":{"line":47,"column":26}},"47":{"start":{"line":48,"column":0},"end":{"line":48,"column":24}},"48":{"start":{"line":49,"column":0},"end":{"line":49,"column":22}},"49":{"start":{"line":50,"column":0},"end":{"line":50,"column":7}},"50":{"start":{"line":51,"column":0},"end":{"line":51,"column":26}},"51":{"start":{"line":52,"column":0},"end":{"line":52,"column":5}},"52":{"start":{"line":53,"column":0},"end":{"line":53,"column":3}},"53":{"start":{"line":54,"column":0},"end":{"line":54,"column":1}},"54":{"start":{"line":55,"column":0},"end":{"line":55,"column":0}},"55":{"start":{"line":56,"column":0},"end":{"line":56,"column":48}},"56":{"start":{"line":57,"column":0},"end":{"line":57,"column":26}},"57":{"start":{"line":58,"column":0},"end":{"line":58,"column":20}},"58":{"start":{"line":59,"column":0},"end":{"line":59,"column":13}},"59":{"start":{"line":60,"column":0},"end":{"line":60,"column":32}},"60":{"start":{"line":61,"column":0},"end":{"line":61,"column":25}},"61":{"start":{"line":62,"column":0},"end":{"line":62,"column":7}},"62":{"start":{"line":63,"column":0},"end":{"line":63,"column":24}},"63":{"start":{"line":64,"column":0},"end":{"line":64,"column":20}},"64":{"start":{"line":65,"column":0},"end":{"line":65,"column":3}},"65":{"start":{"line":66,"column":0},"end":{"line":66,"column":1}},"66":{"start":{"line":67,"column":0},"end":{"line":67,"column":0}},"67":{"start":{"line":68,"column":0},"end":{"line":68,"column":47}},"68":{"start":{"line":69,"column":0},"end":{"line":69,"column":60}},"69":{"start":{"line":70,"column":0},"end":{"line":70,"column":37}},"70":{"start":{"line":71,"column":0},"end":{"line":71,"column":37}},"71":{"start":{"line":72,"column":0},"end":{"line":72,"column":27}},"72":{"start":{"line":73,"column":0},"end":{"line":73,"column":16}},"73":{"start":{"line":74,"column":0},"end":{"line":74,"column":0}},"74":{"start":{"line":75,"column":0},"end":{"line":75,"column":62}},"75":{"start":{"line":76,"column":0},"end":{"line":76,"column":48}},"76":{"start":{"line":77,"column":0},"end":{"line":77,"column":26}},"77":{"start":{"line":78,"column":0},"end":{"line":78,"column":16}},"78":{"start":{"line":79,"column":0},"end":{"line":79,"column":1}},"79":{"start":{"line":80,"column":0},"end":{"line":80,"column":0}},"80":{"start":{"line":81,"column":0},"end":{"line":81,"column":23}},"81":{"start":{"line":82,"column":0},"end":{"line":82,"column":28}},"82":{"start":{"line":83,"column":0},"end":{"line":83,"column":66}},"83":{"start":{"line":84,"column":0},"end":{"line":84,"column":30}},"84":{"start":{"line":85,"column":0},"end":{"line":85,"column":23}},"85":{"start":{"line":86,"column":0},"end":{"line":86,"column":1}},"86":{"start":{"line":87,"column":0},"end":{"line":87,"column":0}},"87":{"start":{"line":88,"column":0},"end":{"line":88,"column":36}},"88":{"start":{"line":89,"column":0},"end":{"line":89,"column":45}},"89":{"start":{"line":90,"column":0},"end":{"line":90,"column":28}},"90":{"start":{"line":91,"column":0},"end":{"line":91,"column":27}},"91":{"start":{"line":92,"column":0},"end":{"line":92,"column":26}},"92":{"start":{"line":93,"column":0},"end":{"line":93,"column":38}},"93":{"start":{"line":94,"column":0},"end":{"line":94,"column":17}},"94":{"start":{"line":95,"column":0},"end":{"line":95,"column":24}},"95":{"start":{"line":96,"column":0},"end":{"line":96,"column":35}},"96":{"start":{"line":97,"column":0},"end":{"line":97,"column":3}},"97":{"start":{"line":98,"column":0},"end":{"line":98,"column":30}},"98":{"start":{"line":99,"column":0},"end":{"line":99,"column":14}},"99":{"start":{"line":100,"column":0},"end":{"line":100,"column":21}},"100":{"start":{"line":101,"column":0},"end":{"line":101,"column":27}},"101":{"start":{"line":102,"column":0},"end":{"line":102,"column":3}},"102":{"start":{"line":103,"column":0},"end":{"line":103,"column":0}},"103":{"start":{"line":104,"column":0},"end":{"line":104,"column":21}},"104":{"start":{"line":105,"column":0},"end":{"line":105,"column":1}},"105":{"start":{"line":106,"column":0},"end":{"line":106,"column":45}},"106":{"start":{"line":107,"column":0},"end":{"line":107,"column":36}},"107":{"start":{"line":108,"column":0},"end":{"line":108,"column":15}},"108":{"start":{"line":109,"column":0},"end":{"line":109,"column":37}},"109":{"start":{"line":110,"column":0},"end":{"line":110,"column":25}},"110":{"start":{"line":111,"column":0},"end":{"line":111,"column":28}},"111":{"start":{"line":112,"column":0},"end":{"line":112,"column":40}},"112":{"start":{"line":113,"column":0},"end":{"line":113,"column":1}},"113":{"start":{"line":114,"column":0},"end":{"line":114,"column":0}},"114":{"start":{"line":115,"column":0},"end":{"line":115,"column":38}},"115":{"start":{"line":116,"column":0},"end":{"line":116,"column":38}},"116":{"start":{"line":117,"column":0},"end":{"line":117,"column":12}},"117":{"start":{"line":118,"column":0},"end":{"line":118,"column":23}},"118":{"start":{"line":119,"column":0},"end":{"line":119,"column":30}},"119":{"start":{"line":120,"column":0},"end":{"line":120,"column":23}},"120":{"start":{"line":121,"column":0},"end":{"line":121,"column":1}},"121":{"start":{"line":122,"column":0},"end":{"line":122,"column":27}},"122":{"start":{"line":123,"column":0},"end":{"line":123,"column":38}},"123":{"start":{"line":124,"column":0},"end":{"line":124,"column":8}},"124":{"start":{"line":125,"column":0},"end":{"line":125,"column":30}},"125":{"start":{"line":126,"column":0},"end":{"line":126,"column":34}},"126":{"start":{"line":127,"column":0},"end":{"line":127,"column":45}},"127":{"start":{"line":128,"column":0},"end":{"line":128,"column":22}},"128":{"start":{"line":129,"column":0},"end":{"line":129,"column":3}},"129":{"start":{"line":130,"column":0},"end":{"line":130,"column":1}},"130":{"start":{"line":131,"column":0},"end":{"line":131,"column":0}},"131":{"start":{"line":132,"column":0},"end":{"line":132,"column":30}},"132":{"start":{"line":133,"column":0},"end":{"line":133,"column":51}},"133":{"start":{"line":134,"column":0},"end":{"line":134,"column":1}}},"s":{"0":1,"1":1,"2":1,"3":1,"4":1,"5":1,"6":1,"7":1,"8":1,"9":1,"10":1,"11":1,"12":1,"13":1,"14":1,"15":1,"16":1,"17":1,"18":1,"19":1,"20":1,"21":1,"22":1,"23":1,"24":1,"25":1,"26":9,"27":9,"28":9,"29":1,"30":17,"31":17,"32":16,"33":16,"34":16,"35":16,"36":16,"37":17,"38":1,"39":2,"40":2,"41":2,"42":2,"43":2,"44":2,"45":2,"46":2,"47":2,"48":1,"49":1,"50":2,"51":2,"52":2,"53":1,"54":1,"55":2,"56":2,"57":2,"58":1,"59":1,"60":1,"61":1,"62":1,"63":1,"64":1,"65":2,"66":1,"67":1,"68":7,"69":7,"70":7,"71":7,"72":7,"73":7,"74":7,"75":7,"76":7,"77":7,"78":7,"79":1,"80":1,"81":1,"82":1,"83":1,"84":2,"85":2,"86":1,"87":1,"88":21,"89":21,"90":16,"91":11,"92":11,"93":16,"94":6,"95":6,"96":6,"97":11,"98":16,"99":6,"100":6,"101":6,"102":11,"103":11,"104":11,"105":1,"106":1,"107":15,"108":15,"109":8,"110":8,"111":8,"112":8,"113":1,"114":1,"115":6,"116":6,"117":6,"118":6,"119":6,"120":6,"121":1,"122":1,"123":9,"124":9,"125":6,"126":6,"127":4,"128":6,"129":9,"130":1,"131":1,"132":12,"133":12},"branchMap":{"0":{"type":"branch","line":26,"loc":{"start":{"line":26,"column":2},"end":{"line":29,"column":3}},"locations":[{"start":{"line":26,"column":2},"end":{"line":29,"column":3}}]},"1":{"type":"branch","line":30,"loc":{"start":{"line":30,"column":2},"end":{"line":38,"column":3}},"locations":[{"start":{"line":30,"column":2},"end":{"line":38,"column":3}}]},"2":{"type":"branch","line":32,"loc":{"start":{"line":32,"column":22},"end":{"line":32,"column":40}},"locations":[{"start":{"line":32,"column":22},"end":{"line":32,"column":40}}]},"3":{"type":"branch","line":32,"loc":{"start":{"line":32,"column":38},"end":{"line":37,"column":18}},"locations":[{"start":{"line":32,"column":38},"end":{"line":37,"column":18}}]},"4":{"type":"branch","line":39,"loc":{"start":{"line":39,"column":2},"end":{"line":53,"column":3}},"locations":[{"start":{"line":39,"column":2},"end":{"line":53,"column":3}}]},"5":{"type":"branch","line":48,"loc":{"start":{"line":48,"column":23},"end":{"line":50,"column":7}},"locations":[{"start":{"line":48,"column":23},"end":{"line":50,"column":7}}]},"6":{"type":"branch","line":56,"loc":{"start":{"line":56,"column":0},"end":{"line":66,"column":1}},"locations":[{"start":{"line":56,"column":0},"end":{"line":66,"column":1}}]},"7":{"type":"branch","line":58,"loc":{"start":{"line":58,"column":19},"end":{"line":65,"column":3}},"locations":[{"start":{"line":58,"column":19},"end":{"line":65,"column":3}}]},"8":{"type":"branch","line":60,"loc":{"start":{"line":60,"column":17},"end":{"line":62,"column":5}},"locations":[{"start":{"line":60,"column":17},"end":{"line":62,"column":5}}]},"9":{"type":"branch","line":68,"loc":{"start":{"line":68,"column":7},"end":{"line":79,"column":1}},"locations":[{"start":{"line":68,"column":7},"end":{"line":79,"column":1}}]},"10":{"type":"branch","line":84,"loc":{"start":{"line":84,"column":7},"end":{"line":86,"column":1}},"locations":[{"start":{"line":84,"column":7},"end":{"line":86,"column":1}}]},"11":{"type":"branch","line":88,"loc":{"start":{"line":88,"column":7},"end":{"line":105,"column":1}},"locations":[{"start":{"line":88,"column":7},"end":{"line":105,"column":1}}]},"12":{"type":"branch","line":90,"loc":{"start":{"line":90,"column":21},"end":{"line":90,"column":28}},"locations":[{"start":{"line":90,"column":21},"end":{"line":90,"column":28}}]},"13":{"type":"branch","line":90,"loc":{"start":{"line":90,"column":21},"end":{"line":105,"column":1}},"locations":[{"start":{"line":90,"column":21},"end":{"line":105,"column":1}}]},"14":{"type":"branch","line":91,"loc":{"start":{"line":91,"column":20},"end":{"line":94,"column":16}},"locations":[{"start":{"line":91,"column":20},"end":{"line":94,"column":16}}]},"15":{"type":"branch","line":91,"loc":{"start":{"line":91,"column":20},"end":{"line":91,"column":27}},"locations":[{"start":{"line":91,"column":20},"end":{"line":91,"column":27}}]},"16":{"type":"branch","line":91,"loc":{"start":{"line":91,"column":20},"end":{"line":94,"column":16}},"locations":[{"start":{"line":91,"column":20},"end":{"line":94,"column":16}}]},"17":{"type":"branch","line":94,"loc":{"start":{"line":94,"column":16},"end":{"line":97,"column":3}},"locations":[{"start":{"line":94,"column":16},"end":{"line":97,"column":3}}]},"18":{"type":"branch","line":97,"loc":{"start":{"line":97,"column":2},"end":{"line":99,"column":13}},"locations":[{"start":{"line":97,"column":2},"end":{"line":99,"column":13}}]},"19":{"type":"branch","line":99,"loc":{"start":{"line":99,"column":13},"end":{"line":102,"column":3}},"locations":[{"start":{"line":99,"column":13},"end":{"line":102,"column":3}}]},"20":{"type":"branch","line":102,"loc":{"start":{"line":102,"column":2},"end":{"line":105,"column":1}},"locations":[{"start":{"line":102,"column":2},"end":{"line":105,"column":1}}]},"21":{"type":"branch","line":107,"loc":{"start":{"line":107,"column":7},"end":{"line":113,"column":1}},"locations":[{"start":{"line":107,"column":7},"end":{"line":113,"column":1}}]},"22":{"type":"branch","line":109,"loc":{"start":{"line":109,"column":30},"end":{"line":113,"column":1}},"locations":[{"start":{"line":109,"column":30},"end":{"line":113,"column":1}}]},"23":{"type":"branch","line":109,"loc":{"start":{"line":109,"column":30},"end":{"line":109,"column":37}},"locations":[{"start":{"line":109,"column":30},"end":{"line":109,"column":37}}]},"24":{"type":"branch","line":109,"loc":{"start":{"line":109,"column":30},"end":{"line":113,"column":1}},"locations":[{"start":{"line":109,"column":30},"end":{"line":113,"column":1}}]},"25":{"type":"branch","line":115,"loc":{"start":{"line":115,"column":7},"end":{"line":121,"column":1}},"locations":[{"start":{"line":115,"column":7},"end":{"line":121,"column":1}}]},"26":{"type":"branch","line":118,"loc":{"start":{"line":118,"column":16},"end":{"line":118,"column":23}},"locations":[{"start":{"line":118,"column":16},"end":{"line":118,"column":23}}]},"27":{"type":"branch","line":123,"loc":{"start":{"line":123,"column":7},"end":{"line":130,"column":1}},"locations":[{"start":{"line":123,"column":7},"end":{"line":130,"column":1}}]},"28":{"type":"branch","line":125,"loc":{"start":{"line":125,"column":29},"end":{"line":129,"column":3}},"locations":[{"start":{"line":125,"column":29},"end":{"line":129,"column":3}}]},"29":{"type":"branch","line":127,"loc":{"start":{"line":127,"column":26},"end":{"line":127,"column":45}},"locations":[{"start":{"line":127,"column":26},"end":{"line":127,"column":45}}]},"30":{"type":"branch","line":127,"loc":{"start":{"line":127,"column":43},"end":{"line":128,"column":22}},"locations":[{"start":{"line":127,"column":43},"end":{"line":128,"column":22}}]},"31":{"type":"branch","line":132,"loc":{"start":{"line":132,"column":7},"end":{"line":134,"column":1}},"locations":[{"start":{"line":132,"column":7},"end":{"line":134,"column":1}}]},"32":{"type":"branch","line":133,"loc":{"start":{"line":133,"column":9},"end":{"line":133,"column":51}},"locations":[{"start":{"line":133,"column":9},"end":{"line":133,"column":51}}]}},"b":{"0":[9],"1":[17],"2":[1],"3":[16],"4":[2],"5":[1],"6":[2],"7":[1],"8":[1],"9":[7],"10":[2],"11":[21],"12":[5],"13":[16],"14":[14],"15":[5],"16":[11],"17":[6],"18":[11],"19":[6],"20":[11],"21":[15],"22":[9],"23":[7],"24":[8],"25":[6],"26":[0],"27":[9],"28":[6],"29":[2],"30":[4],"31":[12],"32":[4]},"fnMap":{"0":{"name":"ReactiveEffect","decl":{"start":{"line":26,"column":2},"end":{"line":29,"column":3}},"loc":{"start":{"line":26,"column":2},"end":{"line":29,"column":3}},"line":26},"1":{"name":"run","decl":{"start":{"line":30,"column":2},"end":{"line":38,"column":3}},"loc":{"start":{"line":30,"column":2},"end":{"line":38,"column":3}},"line":30},"2":{"name":"stop","decl":{"start":{"line":39,"column":2},"end":{"line":53,"column":3}},"loc":{"start":{"line":39,"column":2},"end":{"line":53,"column":3}},"line":39},"3":{"name":"cleanupEffect","decl":{"start":{"line":56,"column":0},"end":{"line":66,"column":1}},"loc":{"start":{"line":56,"column":0},"end":{"line":66,"column":1}},"line":56},"4":{"name":"effect","decl":{"start":{"line":68,"column":7},"end":{"line":79,"column":1}},"loc":{"start":{"line":68,"column":7},"end":{"line":79,"column":1}},"line":68},"5":{"name":"stop","decl":{"start":{"line":84,"column":7},"end":{"line":86,"column":1}},"loc":{"start":{"line":84,"column":7},"end":{"line":86,"column":1}},"line":84},"6":{"name":"track","decl":{"start":{"line":88,"column":7},"end":{"line":105,"column":1}},"loc":{"start":{"line":88,"column":7},"end":{"line":105,"column":1}},"line":88},"7":{"name":"trackEffects","decl":{"start":{"line":107,"column":7},"end":{"line":113,"column":1}},"loc":{"start":{"line":107,"column":7},"end":{"line":113,"column":1}},"line":107},"8":{"name":"trigger","decl":{"start":{"line":115,"column":7},"end":{"line":121,"column":1}},"loc":{"start":{"line":115,"column":7},"end":{"line":121,"column":1}},"line":115},"9":{"name":"triggerEffects","decl":{"start":{"line":123,"column":7},"end":{"line":130,"column":1}},"loc":{"start":{"line":123,"column":7},"end":{"line":130,"column":1}},"line":123},"10":{"name":"isTracking","decl":{"start":{"line":132,"column":7},"end":{"line":134,"column":1}},"loc":{"start":{"line":132,"column":7},"end":{"line":134,"column":1}},"line":132}},"f":{"0":9,"1":17,"2":2,"3":2,"4":7,"5":2,"6":21,"7":15,"8":6,"9":9,"10":12}}
,"E:\\full-vue\\src\\index.ts": {"path":"E:\\full-vue\\src\\index.ts","all":true,"statementMap":{"0":{"start":{"line":1,"column":0},"end":{"line":1,"column":0}}},"s":{"0":0},"branchMap":{"0":{"type":"branch","line":1,"loc":{"start":{"line":1,"column":0},"end":{"line":1,"column":0}},"locations":[{"start":{"line":1,"column":0},"end":{"line":1,"column":0}}]}},"b":{"0":[0]},"fnMap":{"0":{"name":"(empty-report)","decl":{"start":{"line":1,"column":0},"end":{"line":1,"column":0}},"loc":{"start":{"line":1,"column":0},"end":{"line":1,"column":0}},"line":1}},"f":{"0":0}}
,"E:\\full-vue\\src\\reactive.ts": {"path":"E:\\full-vue\\src\\reactive.ts","all":false,"statementMap":{"0":{"start":{"line":1,"column":0},"end":{"line":1,"column":8}},"1":{"start":{"line":2,"column":0},"end":{"line":2,"column":18}},"2":{"start":{"line":3,"column":0},"end":{"line":3,"column":19}},"3":{"start":{"line":4,"column":0},"end":{"line":4,"column":26}},"4":{"start":{"line":5,"column":0},"end":{"line":5,"column":24}},"5":{"start":{"line":6,"column":0},"end":{"line":6,"column":0}},"6":{"start":{"line":7,"column":0},"end":{"line":7,"column":52}},"7":{"start":{"line":8,"column":0},"end":{"line":8,"column":0}},"8":{"start":{"line":9,"column":0},"end":{"line":9,"column":33}},"9":{"start":{"line":10,"column":0},"end":{"line":10,"column":33}},"10":{"start":{"line":11,"column":0},"end":{"line":11,"column":33}},"11":{"start":{"line":12,"column":0},"end":{"line":12,"column":31}},"12":{"start":{"line":13,"column":0},"end":{"line":13,"column":18}},"13":{"start":{"line":14,"column":0},"end":{"line":14,"column":20}},"14":{"start":{"line":15,"column":0},"end":{"line":15,"column":1}},"15":{"start":{"line":16,"column":0},"end":{"line":16,"column":0}},"16":{"start":{"line":17,"column":0},"end":{"line":17,"column":25}},"17":{"start":{"line":18,"column":0},"end":{"line":18,"column":40}},"18":{"start":{"line":19,"column":0},"end":{"line":19,"column":40}},"19":{"start":{"line":20,"column":0},"end":{"line":20,"column":39}},"20":{"start":{"line":21,"column":0},"end":{"line":21,"column":32}},"21":{"start":{"line":22,"column":0},"end":{"line":22,"column":29}},"22":{"start":{"line":23,"column":0},"end":{"line":23,"column":1}},"23":{"start":{"line":24,"column":0},"end":{"line":24,"column":0}},"24":{"start":{"line":25,"column":0},"end":{"line":25,"column":12}},"25":{"start":{"line":26,"column":0},"end":{"line":26,"column":23}},"26":{"start":{"line":27,"column":0},"end":{"line":27,"column":14}},"27":{"start":{"line":28,"column":0},"end":{"line":28,"column":13}},"28":{"start":{"line":29,"column":0},"end":{"line":29,"column":17}},"29":{"start":{"line":30,"column":0},"end":{"line":30,"column":1}},"30":{"start":{"line":31,"column":0},"end":{"line":31,"column":0}},"31":{"start":{"line":32,"column":0},"end":{"line":32,"column":33}},"32":{"start":{"line":33,"column":0},"end":{"line":33,"column":20}},"33":{"start":{"line":34,"column":0},"end":{"line":34,"column":18}},"34":{"start":{"line":35,"column":0},"end":{"line":35,"column":17}},"35":{"start":{"line":36,"column":0},"end":{"line":36,"column":31}},"36":{"start":{"line":37,"column":0},"end":{"line":37,"column":15}},"37":{"start":{"line":38,"column":0},"end":{"line":38,"column":15}},"38":{"start":{"line":39,"column":0},"end":{"line":39,"column":19}},"39":{"start":{"line":40,"column":0},"end":{"line":40,"column":19}},"40":{"start":{"line":41,"column":0},"end":{"line":41,"column":35}},"41":{"start":{"line":42,"column":0},"end":{"line":42,"column":12}},"42":{"start":{"line":43,"column":0},"end":{"line":43,"column":32}},"43":{"start":{"line":44,"column":0},"end":{"line":44,"column":3}},"44":{"start":{"line":45,"column":0},"end":{"line":45,"column":1}},"45":{"start":{"line":46,"column":0},"end":{"line":46,"column":0}},"46":{"start":{"line":47,"column":0},"end":{"line":47,"column":31}},"47":{"start":{"line":48,"column":0},"end":{"line":48,"column":65}},"48":{"start":{"line":49,"column":0},"end":{"line":49,"column":24}},"49":{"start":{"line":50,"column":0},"end":{"line":50,"column":38}},"50":{"start":{"line":51,"column":0},"end":{"line":51,"column":1}},"51":{"start":{"line":52,"column":0},"end":{"line":52,"column":0}},"52":{"start":{"line":53,"column":0},"end":{"line":53,"column":48}},"53":{"start":{"line":54,"column":0},"end":{"line":54,"column":23}},"54":{"start":{"line":55,"column":0},"end":{"line":55,"column":46}},"55":{"start":{"line":56,"column":0},"end":{"line":56,"column":34}},"56":{"start":{"line":57,"column":0},"end":{"line":57,"column":1}},"57":{"start":{"line":58,"column":0},"end":{"line":58,"column":0}},"58":{"start":{"line":59,"column":0},"end":{"line":59,"column":18}},"59":{"start":{"line":60,"column":0},"end":{"line":60,"column":54}},"60":{"start":{"line":61,"column":0},"end":{"line":61,"column":26}},"61":{"start":{"line":62,"column":0},"end":{"line":62,"column":31}},"62":{"start":{"line":63,"column":0},"end":{"line":63,"column":22}},"63":{"start":{"line":64,"column":0},"end":{"line":64,"column":34}},"64":{"start":{"line":65,"column":0},"end":{"line":65,"column":52}},"65":{"start":{"line":66,"column":0},"end":{"line":66,"column":1}},"66":{"start":{"line":67,"column":0},"end":{"line":67,"column":0}},"67":{"start":{"line":68,"column":0},"end":{"line":68,"column":44}},"68":{"start":{"line":69,"column":0},"end":{"line":69,"column":34}},"69":{"start":{"line":70,"column":0},"end":{"line":70,"column":63}},"70":{"start":{"line":71,"column":0},"end":{"line":71,"column":4}},"71":{"start":{"line":72,"column":0},"end":{"line":72,"column":0}},"72":{"start":{"line":73,"column":0},"end":{"line":73,"column":42}},"73":{"start":{"line":74,"column":0},"end":{"line":74,"column":31}},"74":{"start":{"line":75,"column":0},"end":{"line":75,"column":53}},"75":{"start":{"line":76,"column":0},"end":{"line":76,"column":1}},"76":{"start":{"line":77,"column":0},"end":{"line":77,"column":0}},"77":{"start":{"line":78,"column":0},"end":{"line":78,"column":38}},"78":{"start":{"line":79,"column":0},"end":{"line":79,"column":60}},"79":{"start":{"line":80,"column":0},"end":{"line":80,"column":1}},"80":{"start":{"line":81,"column":0},"end":{"line":81,"column":0}},"81":{"start":{"line":82,"column":0},"end":{"line":82,"column":9}},"82":{"start":{"line":83,"column":0},"end":{"line":83,"column":33}},"83":{"start":{"line":84,"column":0},"end":{"line":84,"column":35}},"84":{"start":{"line":85,"column":0},"end":{"line":85,"column":0}},"85":{"start":{"line":86,"column":0},"end":{"line":86,"column":55}},"86":{"start":{"line":87,"column":0},"end":{"line":87,"column":16}},"87":{"start":{"line":88,"column":0},"end":{"line":88,"column":35}},"88":{"start":{"line":89,"column":0},"end":{"line":89,"column":29}},"89":{"start":{"line":90,"column":0},"end":{"line":90,"column":51}},"90":{"start":{"line":91,"column":0},"end":{"line":91,"column":6}},"91":{"start":{"line":92,"column":0},"end":{"line":92,"column":19}},"92":{"start":{"line":93,"column":0},"end":{"line":93,"column":12}},"93":{"start":{"line":94,"column":0},"end":{"line":94,"column":44}},"94":{"start":{"line":95,"column":0},"end":{"line":95,"column":1}},"95":{"start":{"line":96,"column":0},"end":{"line":96,"column":0}},"96":{"start":{"line":97,"column":0},"end":{"line":97,"column":46}},"97":{"start":{"line":98,"column":0},"end":{"line":98,"column":35}},"98":{"start":{"line":99,"column":0},"end":{"line":99,"column":44}},"99":{"start":{"line":100,"column":0},"end":{"line":100,"column":1}},"100":{"start":{"line":101,"column":0},"end":{"line":101,"column":0}},"101":{"start":{"line":102,"column":0},"end":{"line":102,"column":34}},"102":{"start":{"line":103,"column":0},"end":{"line":103,"column":43}},"103":{"start":{"line":104,"column":0},"end":{"line":104,"column":1}},"104":{"start":{"line":105,"column":0},"end":{"line":105,"column":0}},"105":{"start":{"line":106,"column":0},"end":{"line":106,"column":28}},"106":{"start":{"line":107,"column":0},"end":{"line":107,"column":32}},"107":{"start":{"line":108,"column":0},"end":{"line":108,"column":48}},"108":{"start":{"line":109,"column":0},"end":{"line":109,"column":1}},"109":{"start":{"line":110,"column":0},"end":{"line":110,"column":0}},"110":{"start":{"line":111,"column":0},"end":{"line":111,"column":9}},"111":{"start":{"line":112,"column":0},"end":{"line":112,"column":19}},"112":{"start":{"line":113,"column":0},"end":{"line":113,"column":38}},"113":{"start":{"line":114,"column":0},"end":{"line":114,"column":44}},"114":{"start":{"line":115,"column":0},"end":{"line":115,"column":2}},"115":{"start":{"line":116,"column":0},"end":{"line":116,"column":0}},"116":{"start":{"line":117,"column":0},"end":{"line":117,"column":38}},"117":{"start":{"line":118,"column":0},"end":{"line":118,"column":44}},"118":{"start":{"line":119,"column":0},"end":{"line":119,"column":2}},"119":{"start":{"line":120,"column":0},"end":{"line":120,"column":0}},"120":{"start":{"line":121,"column":0},"end":{"line":121,"column":18}},"121":{"start":{"line":122,"column":0},"end":{"line":122,"column":26}},"122":{"start":{"line":123,"column":0},"end":{"line":123,"column":54}},"123":{"start":{"line":124,"column":0},"end":{"line":124,"column":37}},"124":{"start":{"line":125,"column":0},"end":{"line":125,"column":1}},"125":{"start":{"line":126,"column":0},"end":{"line":126,"column":0}},"126":{"start":{"line":127,"column":0},"end":{"line":127,"column":27}},"127":{"start":{"line":128,"column":0},"end":{"line":128,"column":25}},"128":{"start":{"line":129,"column":0},"end":{"line":129,"column":39}},"129":{"start":{"line":130,"column":0},"end":{"line":130,"column":15}},"130":{"start":{"line":131,"column":0},"end":{"line":131,"column":1}}},"s":{"0":1,"1":1,"2":1,"3":1,"4":1,"5":1,"6":1,"7":1,"8":1,"9":1,"10":1,"11":1,"12":1,"13":1,"14":1,"15":1,"16":1,"17":1,"18":1,"19":1,"20":1,"21":1,"22":1,"23":1,"24":1,"25":6,"26":1,"27":1,"28":1,"29":1,"30":1,"31":0,"32":0,"33":0,"34":0,"35":0,"36":0,"37":0,"38":0,"39":0,"40":0,"41":0,"42":0,"43":0,"44":0,"45":1,"46":0,"47":0,"48":0,"49":0,"50":0,"51":1,"52":1,"53":1,"54":15,"55":15,"56":15,"57":1,"58":1,"59":1,"60":1,"61":1,"62":9,"63":9,"64":9,"65":9,"66":1,"67":1,"68":1,"69":1,"70":1,"71":1,"72":1,"73":1,"74":4,"75":4,"76":1,"77":1,"78":2,"79":2,"80":1,"81":1,"82":1,"83":1,"84":1,"85":1,"86":1,"87":1,"88":8,"89":8,"90":8,"91":8,"92":8,"93":8,"94":8,"95":1,"96":1,"97":1,"98":15,"99":15,"100":1,"101":1,"102":0,"103":0,"104":1,"105":1,"106":1,"107":2,"108":2,"109":1,"110":1,"111":1,"112":1,"113":0,"114":0,"115":1,"116":1,"117":0,"118":0,"119":1,"120":1,"121":0,"122":0,"123":0,"124":0,"125":1,"126":1,"127":0,"128":0,"129":0,"130":0},"branchMap":{"0":{"type":"branch","line":9,"loc":{"start":{"line":9,"column":7},"end":{"line":9,"column":33}},"locations":[{"start":{"line":9,"column":7},"end":{"line":9,"column":33}}]},"1":{"type":"branch","line":26,"loc":{"start":{"line":26,"column":0},"end":{"line":26,"column":23}},"locations":[{"start":{"line":26,"column":0},"end":{"line":26,"column":23}}]},"2":{"type":"branch","line":55,"loc":{"start":{"line":55,"column":0},"end":{"line":57,"column":1}},"locations":[{"start":{"line":55,"column":0},"end":{"line":57,"column":1}}]},"3":{"type":"branch","line":62,"loc":{"start":{"line":62,"column":7},"end":{"line":66,"column":1}},"locations":[{"start":{"line":62,"column":7},"end":{"line":66,"column":1}}]},"4":{"type":"branch","line":64,"loc":{"start":{"line":64,"column":23},"end":{"line":64,"column":34}},"locations":[{"start":{"line":64,"column":23},"end":{"line":64,"column":34}}]},"5":{"type":"branch","line":74,"loc":{"start":{"line":74,"column":7},"end":{"line":76,"column":1}},"locations":[{"start":{"line":74,"column":7},"end":{"line":76,"column":1}}]},"6":{"type":"branch","line":78,"loc":{"start":{"line":78,"column":7},"end":{"line":80,"column":1}},"locations":[{"start":{"line":78,"column":7},"end":{"line":80,"column":1}}]},"7":{"type":"branch","line":88,"loc":{"start":{"line":88,"column":7},"end":{"line":95,"column":1}},"locations":[{"start":{"line":88,"column":7},"end":{"line":95,"column":1}}]},"8":{"type":"branch","line":98,"loc":{"start":{"line":98,"column":7},"end":{"line":100,"column":1}},"locations":[{"start":{"line":98,"column":7},"end":{"line":100,"column":1}}]},"9":{"type":"branch","line":107,"loc":{"start":{"line":107,"column":7},"end":{"line":109,"column":1}},"locations":[{"start":{"line":107,"column":7},"end":{"line":109,"column":1}}]},"10":{"type":"branch","line":108,"loc":{"start":{"line":108,"column":25},"end":{"line":108,"column":48}},"locations":[{"start":{"line":108,"column":25},"end":{"line":108,"column":48}}]}},"b":{"0":[6],"1":[6],"2":[15],"3":[9],"4":[0],"5":[4],"6":[2],"7":[8],"8":[15],"9":[2],"10":[1]},"fnMap":{"0":{"name":"targetTypeMap","decl":{"start":{"line":32,"column":0},"end":{"line":45,"column":1}},"loc":{"start":{"line":32,"column":0},"end":{"line":45,"column":1}},"line":32},"1":{"name":"getTargetType","decl":{"start":{"line":47,"column":0},"end":{"line":51,"column":1}},"loc":{"start":{"line":47,"column":0},"end":{"line":51,"column":1}},"line":47},"2":{"name":"createReactiveObject","decl":{"start":{"line":55,"column":0},"end":{"line":57,"column":1}},"loc":{"start":{"line":55,"column":0},"end":{"line":57,"column":1}},"line":55},"3":{"name":"reactive","decl":{"start":{"line":62,"column":7},"end":{"line":66,"column":1}},"loc":{"start":{"line":62,"column":7},"end":{"line":66,"column":1}},"line":62},"4":{"name":"readonly","decl":{"start":{"line":74,"column":7},"end":{"line":76,"column":1}},"loc":{"start":{"line":74,"column":7},"end":{"line":76,"column":1}},"line":74},"5":{"name":"shallowReadonly","decl":{"start":{"line":78,"column":7},"end":{"line":80,"column":1}},"loc":{"start":{"line":78,"column":7},"end":{"line":80,"column":1}},"line":78},"6":{"name":"isReactive","decl":{"start":{"line":88,"column":7},"end":{"line":95,"column":1}},"loc":{"start":{"line":88,"column":7},"end":{"line":95,"column":1}},"line":88},"7":{"name":"isReadonly","decl":{"start":{"line":98,"column":7},"end":{"line":100,"column":1}},"loc":{"start":{"line":98,"column":7},"end":{"line":100,"column":1}},"line":98},"8":{"name":"isShallow","decl":{"start":{"line":102,"column":7},"end":{"line":104,"column":1}},"loc":{"start":{"line":102,"column":7},"end":{"line":104,"column":1}},"line":102},"9":{"name":"isProxy","decl":{"start":{"line":107,"column":7},"end":{"line":109,"column":1}},"loc":{"start":{"line":107,"column":7},"end":{"line":109,"column":1}},"line":107},"10":{"name":"toReactive","decl":{"start":{"line":113,"column":26},"end":{"line":115,"column":2}},"loc":{"start":{"line":113,"column":26},"end":{"line":115,"column":2}},"line":113},"11":{"name":"toReadonly","decl":{"start":{"line":117,"column":26},"end":{"line":119,"column":2}},"loc":{"start":{"line":117,"column":26},"end":{"line":119,"column":2}},"line":117},"12":{"name":"toRaw","decl":{"start":{"line":122,"column":0},"end":{"line":125,"column":1}},"loc":{"start":{"line":122,"column":0},"end":{"line":125,"column":1}},"line":122},"13":{"name":"markRaw","decl":{"start":{"line":128,"column":0},"end":{"line":131,"column":1}},"loc":{"start":{"line":128,"column":0},"end":{"line":131,"column":1}},"line":128}},"f":{"0":0,"1":0,"2":15,"3":9,"4":4,"5":2,"6":8,"7":15,"8":0,"9":2,"10":0,"11":0,"12":0,"13":0}}
,"E:\\full-vue\\src\\ref.ts": {"path":"E:\\full-vue\\src\\ref.ts","all":false,"statementMap":{"0":{"start":{"line":1,"column":0},"end":{"line":1,"column":68}},"1":{"start":{"line":2,"column":0},"end":{"line":2,"column":47}},"2":{"start":{"line":3,"column":0},"end":{"line":3,"column":38}},"3":{"start":{"line":4,"column":0},"end":{"line":4,"column":0}},"4":{"start":{"line":5,"column":0},"end":{"line":5,"column":15}},"5":{"start":{"line":6,"column":0},"end":{"line":6,"column":28}},"6":{"start":{"line":7,"column":0},"end":{"line":7,"column":28}},"7":{"start":{"line":8,"column":0},"end":{"line":8,"column":1}},"8":{"start":{"line":9,"column":0},"end":{"line":9,"column":0}},"9":{"start":{"line":10,"column":0},"end":{"line":10,"column":15}},"10":{"start":{"line":11,"column":0},"end":{"line":11,"column":22}},"11":{"start":{"line":12,"column":0},"end":{"line":12,"column":20}},"12":{"start":{"line":13,"column":0},"end":{"line":13,"column":13}},"13":{"start":{"line":14,"column":0},"end":{"line":14,"column":28}},"14":{"start":{"line":15,"column":0},"end":{"line":15,"column":26}},"15":{"start":{"line":16,"column":0},"end":{"line":16,"column":0}},"16":{"start":{"line":17,"column":0},"end":{"line":17,"column":22}},"17":{"start":{"line":18,"column":0},"end":{"line":18,"column":37}},"18":{"start":{"line":19,"column":0},"end":{"line":19,"column":22}},"19":{"start":{"line":20,"column":0},"end":{"line":20,"column":27}},"20":{"start":{"line":21,"column":0},"end":{"line":21,"column":33}},"21":{"start":{"line":22,"column":0},"end":{"line":22,"column":25}},"22":{"start":{"line":23,"column":0},"end":{"line":23,"column":3}},"23":{"start":{"line":24,"column":0},"end":{"line":24,"column":15}},"24":{"start":{"line":25,"column":0},"end":{"line":25,"column":11}},"25":{"start":{"line":26,"column":0},"end":{"line":26,"column":51}},"26":{"start":{"line":27,"column":0},"end":{"line":27,"column":41}},"27":{"start":{"line":28,"column":0},"end":{"line":28,"column":29}},"28":{"start":{"line":29,"column":0},"end":{"line":29,"column":32}},"29":{"start":{"line":30,"column":0},"end":{"line":30,"column":8}},"30":{"start":{"line":31,"column":0},"end":{"line":31,"column":24}},"31":{"start":{"line":32,"column":0},"end":{"line":32,"column":13}},"32":{"start":{"line":33,"column":0},"end":{"line":33,"column":23}},"33":{"start":{"line":34,"column":0},"end":{"line":34,"column":3}},"34":{"start":{"line":35,"column":0},"end":{"line":35,"column":23}},"35":{"start":{"line":36,"column":0},"end":{"line":36,"column":23}},"36":{"start":{"line":37,"column":0},"end":{"line":37,"column":23}},"37":{"start":{"line":38,"column":0},"end":{"line":38,"column":52}},"38":{"start":{"line":39,"column":0},"end":{"line":39,"column":40}},"39":{"start":{"line":40,"column":0},"end":{"line":40,"column":41}},"40":{"start":{"line":41,"column":0},"end":{"line":41,"column":19}},"41":{"start":{"line":42,"column":0},"end":{"line":42,"column":16}},"42":{"start":{"line":43,"column":0},"end":{"line":43,"column":74}},"43":{"start":{"line":44,"column":0},"end":{"line":44,"column":38}},"44":{"start":{"line":45,"column":0},"end":{"line":45,"column":27}},"45":{"start":{"line":46,"column":0},"end":{"line":46,"column":28}},"46":{"start":{"line":47,"column":0},"end":{"line":47,"column":5}},"47":{"start":{"line":48,"column":0},"end":{"line":48,"column":3}},"48":{"start":{"line":49,"column":0},"end":{"line":49,"column":1}},"49":{"start":{"line":50,"column":0},"end":{"line":50,"column":0}},"50":{"start":{"line":51,"column":0},"end":{"line":51,"column":25}},"51":{"start":{"line":52,"column":0},"end":{"line":52,"column":51}},"52":{"start":{"line":53,"column":0},"end":{"line":53,"column":1}},"53":{"start":{"line":54,"column":0},"end":{"line":54,"column":0}},"54":{"start":{"line":55,"column":0},"end":{"line":55,"column":36}},"55":{"start":{"line":56,"column":0},"end":{"line":56,"column":21}},"56":{"start":{"line":57,"column":0},"end":{"line":57,"column":24}},"57":{"start":{"line":58,"column":0},"end":{"line":58,"column":26}},"58":{"start":{"line":59,"column":0},"end":{"line":59,"column":3}},"59":{"start":{"line":60,"column":0},"end":{"line":60,"column":1}},"60":{"start":{"line":61,"column":0},"end":{"line":61,"column":0}},"61":{"start":{"line":62,"column":0},"end":{"line":62,"column":38}},"62":{"start":{"line":63,"column":0},"end":{"line":63,"column":26}},"63":{"start":{"line":64,"column":0},"end":{"line":64,"column":1}},"64":{"start":{"line":65,"column":0},"end":{"line":65,"column":0}},"65":{"start":{"line":66,"column":0},"end":{"line":66,"column":28}},"66":{"start":{"line":67,"column":0},"end":{"line":67,"column":25}},"67":{"start":{"line":68,"column":0},"end":{"line":68,"column":1}},"68":{"start":{"line":69,"column":0},"end":{"line":69,"column":0}},"69":{"start":{"line":70,"column":0},"end":{"line":70,"column":28}},"70":{"start":{"line":71,"column":0},"end":{"line":71,"column":38}},"71":{"start":{"line":72,"column":0},"end":{"line":72,"column":19}},"72":{"start":{"line":73,"column":0},"end":{"line":73,"column":21}},"73":{"start":{"line":74,"column":0},"end":{"line":74,"column":3}},"74":{"start":{"line":75,"column":0},"end":{"line":75,"column":13}},"75":{"start":{"line":76,"column":0},"end":{"line":76,"column":1}},"76":{"start":{"line":77,"column":0},"end":{"line":77,"column":0}},"77":{"start":{"line":78,"column":0},"end":{"line":78,"column":43}},"78":{"start":{"line":79,"column":0},"end":{"line":79,"column":36}},"79":{"start":{"line":80,"column":0},"end":{"line":80,"column":22}},"80":{"start":{"line":81,"column":0},"end":{"line":81,"column":42}},"81":{"start":{"line":82,"column":0},"end":{"line":82,"column":45}},"82":{"start":{"line":83,"column":0},"end":{"line":83,"column":6}},"83":{"start":{"line":84,"column":0},"end":{"line":84,"column":29}},"84":{"start":{"line":85,"column":0},"end":{"line":85,"column":40}},"85":{"start":{"line":86,"column":0},"end":{"line":86,"column":48}},"86":{"start":{"line":87,"column":0},"end":{"line":87,"column":43}},"87":{"start":{"line":88,"column":0},"end":{"line":88,"column":7}},"88":{"start":{"line":89,"column":0},"end":{"line":89,"column":45}},"89":{"start":{"line":90,"column":0},"end":{"line":90,"column":6}},"90":{"start":{"line":91,"column":0},"end":{"line":91,"column":5}},"91":{"start":{"line":92,"column":0},"end":{"line":92,"column":1}}},"s":{"0":1,"1":1,"2":1,"3":1,"4":1,"5":1,"6":6,"7":6,"8":1,"9":1,"10":1,"11":1,"12":1,"13":1,"14":1,"15":1,"16":1,"17":6,"18":6,"19":6,"20":6,"21":6,"22":6,"23":1,"24":12,"25":12,"26":12,"27":12,"28":12,"29":12,"30":12,"31":12,"32":12,"33":12,"34":1,"35":4,"36":4,"37":4,"38":4,"39":4,"40":3,"41":3,"42":3,"43":3,"44":3,"45":3,"46":3,"47":4,"48":1,"49":1,"50":9,"51":9,"52":9,"53":1,"54":1,"55":12,"56":4,"57":4,"58":4,"59":12,"60":1,"61":1,"62":3,"63":3,"64":1,"65":1,"66":11,"67":11,"68":1,"69":1,"70":6,"71":6,"72":3,"73":3,"74":3,"75":3,"76":1,"77":1,"78":1,"79":1,"80":3,"81":3,"82":3,"83":1,"84":1,"85":1,"86":1,"87":1,"88":0,"89":1,"90":1,"91":1},"branchMap":{"0":{"type":"branch","line":6,"loc":{"start":{"line":6,"column":7},"end":{"line":8,"column":1}},"locations":[{"start":{"line":6,"column":7},"end":{"line":8,"column":1}}]},"1":{"type":"branch","line":17,"loc":{"start":{"line":17,"column":2},"end":{"line":23,"column":3}},"locations":[{"start":{"line":17,"column":2},"end":{"line":23,"column":3}}]},"2":{"type":"branch","line":24,"loc":{"start":{"line":24,"column":2},"end":{"line":34,"column":3}},"locations":[{"start":{"line":24,"column":2},"end":{"line":34,"column":3}}]},"3":{"type":"branch","line":35,"loc":{"start":{"line":35,"column":2},"end":{"line":48,"column":3}},"locations":[{"start":{"line":35,"column":2},"end":{"line":48,"column":3}}]},"4":{"type":"branch","line":40,"loc":{"start":{"line":40,"column":40},"end":{"line":47,"column":5}},"locations":[{"start":{"line":40,"column":40},"end":{"line":47,"column":5}}]},"5":{"type":"branch","line":51,"loc":{"start":{"line":51,"column":0},"end":{"line":53,"column":1}},"locations":[{"start":{"line":51,"column":0},"end":{"line":53,"column":1}}]},"6":{"type":"branch","line":52,"loc":{"start":{"line":52,"column":23},"end":{"line":52,"column":45}},"locations":[{"start":{"line":52,"column":23},"end":{"line":52,"column":45}}]},"7":{"type":"branch","line":52,"loc":{"start":{"line":52,"column":41},"end":{"line":52,"column":51}},"locations":[{"start":{"line":52,"column":41},"end":{"line":52,"column":51}}]},"8":{"type":"branch","line":55,"loc":{"start":{"line":55,"column":7},"end":{"line":60,"column":1}},"locations":[{"start":{"line":55,"column":7},"end":{"line":60,"column":1}}]},"9":{"type":"branch","line":56,"loc":{"start":{"line":56,"column":20},"end":{"line":59,"column":3}},"locations":[{"start":{"line":56,"column":20},"end":{"line":59,"column":3}}]},"10":{"type":"branch","line":62,"loc":{"start":{"line":62,"column":7},"end":{"line":64,"column":1}},"locations":[{"start":{"line":62,"column":7},"end":{"line":64,"column":1}}]},"11":{"type":"branch","line":66,"loc":{"start":{"line":66,"column":7},"end":{"line":68,"column":1}},"locations":[{"start":{"line":66,"column":7},"end":{"line":68,"column":1}}]},"12":{"type":"branch","line":70,"loc":{"start":{"line":70,"column":7},"end":{"line":76,"column":1}},"locations":[{"start":{"line":70,"column":7},"end":{"line":76,"column":1}}]},"13":{"type":"branch","line":72,"loc":{"start":{"line":72,"column":18},"end":{"line":76,"column":1}},"locations":[{"start":{"line":72,"column":18},"end":{"line":76,"column":1}}]},"14":{"type":"branch","line":78,"loc":{"start":{"line":78,"column":7},"end":{"line":92,"column":1}},"locations":[{"start":{"line":78,"column":7},"end":{"line":92,"column":1}}]},"15":{"type":"branch","line":80,"loc":{"start":{"line":80,"column":4},"end":{"line":83,"column":6}},"locations":[{"start":{"line":80,"column":4},"end":{"line":83,"column":6}}]},"16":{"type":"branch","line":84,"loc":{"start":{"line":84,"column":4},"end":{"line":90,"column":6}},"locations":[{"start":{"line":84,"column":4},"end":{"line":90,"column":6}}]},"17":{"type":"branch","line":88,"loc":{"start":{"line":88,"column":6},"end":{"line":89,"column":45}},"locations":[{"start":{"line":88,"column":6},"end":{"line":89,"column":45}}]}},"b":{"0":[6],"1":[6],"2":[12],"3":[4],"4":[3],"5":[9],"6":[1],"7":[8],"8":[12],"9":[4],"10":[3],"11":[11],"12":[6],"13":[3],"14":[1],"15":[3],"16":[1],"17":[0]},"fnMap":{"0":{"name":"ref","decl":{"start":{"line":6,"column":7},"end":{"line":8,"column":1}},"loc":{"start":{"line":6,"column":7},"end":{"line":8,"column":1}},"line":6},"1":{"name":"RefImpl","decl":{"start":{"line":17,"column":2},"end":{"line":23,"column":3}},"loc":{"start":{"line":17,"column":2},"end":{"line":23,"column":3}},"line":17},"2":{"name":"get value","decl":{"start":{"line":24,"column":2},"end":{"line":34,"column":3}},"loc":{"start":{"line":24,"column":2},"end":{"line":34,"column":3}},"line":24},"3":{"name":"set value","decl":{"start":{"line":35,"column":2},"end":{"line":48,"column":3}},"loc":{"start":{"line":35,"column":2},"end":{"line":48,"column":3}},"line":35},"4":{"name":"convert","decl":{"start":{"line":51,"column":0},"end":{"line":53,"column":1}},"loc":{"start":{"line":51,"column":0},"end":{"line":53,"column":1}},"line":51},"5":{"name":"trackRefValue","decl":{"start":{"line":55,"column":7},"end":{"line":60,"column":1}},"loc":{"start":{"line":55,"column":7},"end":{"line":60,"column":1}},"line":55},"6":{"name":"triggerRefValue","decl":{"start":{"line":62,"column":7},"end":{"line":64,"column":1}},"loc":{"start":{"line":62,"column":7},"end":{"line":64,"column":1}},"line":62},"7":{"name":"isRef","decl":{"start":{"line":66,"column":7},"end":{"line":68,"column":1}},"loc":{"start":{"line":66,"column":7},"end":{"line":68,"column":1}},"line":66},"8":{"name":"unRef","decl":{"start":{"line":70,"column":7},"end":{"line":76,"column":1}},"loc":{"start":{"line":70,"column":7},"end":{"line":76,"column":1}},"line":70},"9":{"name":"proxyRefs","decl":{"start":{"line":78,"column":7},"end":{"line":92,"column":1}},"loc":{"start":{"line":78,"column":7},"end":{"line":92,"column":1}},"line":78},"10":{"name":"get","decl":{"start":{"line":80,"column":4},"end":{"line":83,"column":6}},"loc":{"start":{"line":80,"column":4},"end":{"line":83,"column":6}},"line":80},"11":{"name":"set","decl":{"start":{"line":84,"column":4},"end":{"line":90,"column":6}},"loc":{"start":{"line":84,"column":4},"end":{"line":90,"column":6}},"line":84}},"f":{"0":6,"1":6,"2":12,"3":4,"4":9,"5":12,"6":3,"7":11,"8":6,"9":1,"10":3,"11":1}}
,"E:\\full-vue\\src\\shared\\index.ts": {"path":"E:\\full-vue\\src\\shared\\index.ts","all":false,"statementMap":{"0":{"start":{"line":1,"column":0},"end":{"line":1,"column":36}},"1":{"start":{"line":2,"column":0},"end":{"line":2,"column":34}},"2":{"start":{"line":3,"column":0},"end":{"line":3,"column":49}},"3":{"start":{"line":4,"column":0},"end":{"line":4,"column":2}},"4":{"start":{"line":5,"column":0},"end":{"line":5,"column":0}},"5":{"start":{"line":6,"column":0},"end":{"line":6,"column":71}},"6":{"start":{"line":7,"column":0},"end":{"line":7,"column":35}},"7":{"start":{"line":8,"column":0},"end":{"line":8,"column":23}},"8":{"start":{"line":9,"column":0},"end":{"line":9,"column":22}},"9":{"start":{"line":10,"column":0},"end":{"line":10,"column":10}},"10":{"start":{"line":11,"column":0},"end":{"line":11,"column":5}},"11":{"start":{"line":12,"column":0},"end":{"line":12,"column":2}},"12":{"start":{"line":13,"column":0},"end":{"line":13,"column":0}},"13":{"start":{"line":14,"column":0},"end":{"line":14,"column":19}},"14":{"start":{"line":15,"column":0},"end":{"line":15,"column":56}},"15":{"start":{"line":16,"column":0},"end":{"line":16,"column":0}},"16":{"start":{"line":17,"column":0},"end":{"line":17,"column":55}},"17":{"start":{"line":18,"column":0},"end":{"line":18,"column":29}},"18":{"start":{"line":19,"column":0},"end":{"line":19,"column":0}},"19":{"start":{"line":20,"column":0},"end":{"line":20,"column":54}},"20":{"start":{"line":21,"column":0},"end":{"line":21,"column":59}},"21":{"start":{"line":22,"column":0},"end":{"line":22,"column":42}},"22":{"start":{"line":23,"column":0},"end":{"line":23,"column":2}},"23":{"start":{"line":24,"column":0},"end":{"line":24,"column":0}},"24":{"start":{"line":25,"column":0},"end":{"line":25,"column":16}},"25":{"start":{"line":26,"column":0},"end":{"line":26,"column":44}},"26":{"start":{"line":27,"column":0},"end":{"line":27,"column":37}},"27":{"start":{"line":28,"column":0},"end":{"line":28,"column":1}}},"s":{"0":1,"1":1,"2":41,"3":41,"4":1,"5":1,"6":0,"7":0,"8":0,"9":0,"10":0,"11":0,"12":1,"13":1,"14":1,"15":1,"16":1,"17":0,"18":1,"19":1,"20":0,"21":0,"22":0,"23":1,"24":1,"25":1,"26":4,"27":4},"branchMap":{"0":{"type":"branch","line":2,"loc":{"start":{"line":2,"column":24},"end":{"line":4,"column":2}},"locations":[{"start":{"line":2,"column":24},"end":{"line":4,"column":2}}]},"1":{"type":"branch","line":26,"loc":{"start":{"line":26,"column":7},"end":{"line":28,"column":1}},"locations":[{"start":{"line":26,"column":7},"end":{"line":28,"column":1}}]}},"b":{"0":[41],"1":[4]},"fnMap":{"0":{"name":"isObject","decl":{"start":{"line":2,"column":24},"end":{"line":4,"column":2}},"loc":{"start":{"line":2,"column":24},"end":{"line":4,"column":2}},"line":2},"1":{"name":"def","decl":{"start":{"line":6,"column":19},"end":{"line":12,"column":2}},"loc":{"start":{"line":6,"column":19},"end":{"line":12,"column":2}},"line":6},"2":{"name":"toTypeString","decl":{"start":{"line":17,"column":28},"end":{"line":18,"column":29}},"loc":{"start":{"line":17,"column":28},"end":{"line":18,"column":29}},"line":17},"3":{"name":"toRawType","decl":{"start":{"line":20,"column":25},"end":{"line":23,"column":2}},"loc":{"start":{"line":20,"column":25},"end":{"line":23,"column":2}},"line":20},"4":{"name":"hasChange","decl":{"start":{"line":26,"column":7},"end":{"line":28,"column":1}},"loc":{"start":{"line":26,"column":7},"end":{"line":28,"column":1}},"line":26}},"f":{"0":41,"1":0,"2":0,"3":0,"4":4}}
}
